<?xml version="1.0" encoding="UTF-8"?>
<testsuite xmlns:xsi="http://www.w3.org/2001/XMLSchema-instance" xsi:noNamespaceSchemaLocation="https://maven.apache.org/surefire/maven-surefire-plugin/xsd/surefire-test-report.xsd" name="hello.HelloWorldConfigurationTests" time="3.459" tests="1" errors="0" skipped="0" failures="0">
  <properties>
    <property name="sun.desktop" value="gnome"/>
    <property name="awt.toolkit" value="sun.awt.X11.XToolkit"/>
    <property name="file.encoding.pkg" value="sun.io"/>
    <property name="java.specification.version" value="1.8"/>
    <property name="sun.cpu.isalist" value=""/>
    <property name="sun.jnu.encoding" value="UTF-8"/>
    <property name="java.class.path" value="/home/hosni/Documents/workspace-Spring/SpringDocker/complete/target/test-classes:/home/hosni/Documents/workspace-Spring/SpringDocker/complete/target/classes:/home/hosni/.m2/repository/org/springframework/boot/spring-boot-starter-web/2.4.4/spring-boot-starter-web-2.4.4.jar:/home/hosni/.m2/repository/org/springframework/boot/spring-boot-starter/2.4.4/spring-boot-starter-2.4.4.jar:/home/hosni/.m2/repository/org/springframework/boot/spring-boot/2.4.4/spring-boot-2.4.4.jar:/home/hosni/.m2/repository/org/springframework/boot/spring-boot-autoconfigure/2.4.4/spring-boot-autoconfigure-2.4.4.jar:/home/hosni/.m2/repository/org/springframework/boot/spring-boot-starter-logging/2.4.4/spring-boot-starter-logging-2.4.4.jar:/home/hosni/.m2/repository/ch/qos/logback/logback-classic/1.2.3/logback-classic-1.2.3.jar:/home/hosni/.m2/repository/ch/qos/logback/logback-core/1.2.3/logback-core-1.2.3.jar:/home/hosni/.m2/repository/org/apache/logging/log4j/log4j-to-slf4j/2.13.3/log4j-to-slf4j-2.13.3.jar:/home/hosni/.m2/repository/org/apache/logging/log4j/log4j-api/2.13.3/log4j-api-2.13.3.jar:/home/hosni/.m2/repository/org/slf4j/jul-to-slf4j/1.7.30/jul-to-slf4j-1.7.30.jar:/home/hosni/.m2/repository/jakarta/annotation/jakarta.annotation-api/1.3.5/jakarta.annotation-api-1.3.5.jar:/home/hosni/.m2/repository/org/yaml/snakeyaml/1.27/snakeyaml-1.27.jar:/home/hosni/.m2/repository/org/springframework/boot/spring-boot-starter-json/2.4.4/spring-boot-starter-json-2.4.4.jar:/home/hosni/.m2/repository/com/fasterxml/jackson/core/jackson-databind/2.11.4/jackson-databind-2.11.4.jar:/home/hosni/.m2/repository/com/fasterxml/jackson/core/jackson-annotations/2.11.4/jackson-annotations-2.11.4.jar:/home/hosni/.m2/repository/com/fasterxml/jackson/core/jackson-core/2.11.4/jackson-core-2.11.4.jar:/home/hosni/.m2/repository/com/fasterxml/jackson/datatype/jackson-datatype-jdk8/2.11.4/jackson-datatype-jdk8-2.11.4.jar:/home/hosni/.m2/repository/com/fasterxml/jackson/datatype/jackson-datatype-jsr310/2.11.4/jackson-datatype-jsr310-2.11.4.jar:/home/hosni/.m2/repository/com/fasterxml/jackson/module/jackson-module-parameter-names/2.11.4/jackson-module-parameter-names-2.11.4.jar:/home/hosni/.m2/repository/org/springframework/boot/spring-boot-starter-tomcat/2.4.4/spring-boot-starter-tomcat-2.4.4.jar:/home/hosni/.m2/repository/org/apache/tomcat/embed/tomcat-embed-core/9.0.44/tomcat-embed-core-9.0.44.jar:/home/hosni/.m2/repository/org/glassfish/jakarta.el/3.0.3/jakarta.el-3.0.3.jar:/home/hosni/.m2/repository/org/apache/tomcat/embed/tomcat-embed-websocket/9.0.44/tomcat-embed-websocket-9.0.44.jar:/home/hosni/.m2/repository/org/springframework/spring-web/5.3.5/spring-web-5.3.5.jar:/home/hosni/.m2/repository/org/springframework/spring-beans/5.3.5/spring-beans-5.3.5.jar:/home/hosni/.m2/repository/org/springframework/spring-webmvc/5.3.5/spring-webmvc-5.3.5.jar:/home/hosni/.m2/repository/org/springframework/spring-aop/5.3.5/spring-aop-5.3.5.jar:/home/hosni/.m2/repository/org/springframework/spring-context/5.3.5/spring-context-5.3.5.jar:/home/hosni/.m2/repository/org/springframework/spring-expression/5.3.5/spring-expression-5.3.5.jar:/home/hosni/.m2/repository/org/springframework/boot/spring-boot-starter-test/2.4.4/spring-boot-starter-test-2.4.4.jar:/home/hosni/.m2/repository/org/springframework/boot/spring-boot-test/2.4.4/spring-boot-test-2.4.4.jar:/home/hosni/.m2/repository/org/springframework/boot/spring-boot-test-autoconfigure/2.4.4/spring-boot-test-autoconfigure-2.4.4.jar:/home/hosni/.m2/repository/com/jayway/jsonpath/json-path/2.4.0/json-path-2.4.0.jar:/home/hosni/.m2/repository/net/minidev/json-smart/2.3/json-smart-2.3.jar:/home/hosni/.m2/repository/net/minidev/accessors-smart/1.2/accessors-smart-1.2.jar:/home/hosni/.m2/repository/org/ow2/asm/asm/5.0.4/asm-5.0.4.jar:/home/hosni/.m2/repository/org/slf4j/slf4j-api/1.7.30/slf4j-api-1.7.30.jar:/home/hosni/.m2/repository/jakarta/xml/bind/jakarta.xml.bind-api/2.3.3/jakarta.xml.bind-api-2.3.3.jar:/home/hosni/.m2/repository/jakarta/activation/jakarta.activation-api/1.2.2/jakarta.activation-api-1.2.2.jar:/home/hosni/.m2/repository/org/assertj/assertj-core/3.18.1/assertj-core-3.18.1.jar:/home/hosni/.m2/repository/org/hamcrest/hamcrest/2.2/hamcrest-2.2.jar:/home/hosni/.m2/repository/org/junit/jupiter/junit-jupiter/5.7.1/junit-jupiter-5.7.1.jar:/home/hosni/.m2/repository/org/junit/jupiter/junit-jupiter-api/5.7.1/junit-jupiter-api-5.7.1.jar:/home/hosni/.m2/repository/org/apiguardian/apiguardian-api/1.1.0/apiguardian-api-1.1.0.jar:/home/hosni/.m2/repository/org/opentest4j/opentest4j/1.2.0/opentest4j-1.2.0.jar:/home/hosni/.m2/repository/org/junit/platform/junit-platform-commons/1.7.1/junit-platform-commons-1.7.1.jar:/home/hosni/.m2/repository/org/junit/jupiter/junit-jupiter-params/5.7.1/junit-jupiter-params-5.7.1.jar:/home/hosni/.m2/repository/org/junit/jupiter/junit-jupiter-engine/5.7.1/junit-jupiter-engine-5.7.1.jar:/home/hosni/.m2/repository/org/junit/platform/junit-platform-engine/1.7.1/junit-platform-engine-1.7.1.jar:/home/hosni/.m2/repository/org/mockito/mockito-core/3.6.28/mockito-core-3.6.28.jar:/home/hosni/.m2/repository/net/bytebuddy/byte-buddy/1.10.22/byte-buddy-1.10.22.jar:/home/hosni/.m2/repository/net/bytebuddy/byte-buddy-agent/1.10.22/byte-buddy-agent-1.10.22.jar:/home/hosni/.m2/repository/org/objenesis/objenesis/3.1/objenesis-3.1.jar:/home/hosni/.m2/repository/org/mockito/mockito-junit-jupiter/3.6.28/mockito-junit-jupiter-3.6.28.jar:/home/hosni/.m2/repository/org/skyscreamer/jsonassert/1.5.0/jsonassert-1.5.0.jar:/home/hosni/.m2/repository/com/vaadin/external/google/android-json/0.0.20131108.vaadin1/android-json-0.0.20131108.vaadin1.jar:/home/hosni/.m2/repository/org/springframework/spring-core/5.3.5/spring-core-5.3.5.jar:/home/hosni/.m2/repository/org/springframework/spring-jcl/5.3.5/spring-jcl-5.3.5.jar:/home/hosni/.m2/repository/org/springframework/spring-test/5.3.5/spring-test-5.3.5.jar:/home/hosni/.m2/repository/org/xmlunit/xmlunit-core/2.7.0/xmlunit-core-2.7.0.jar:"/>
    <property name="java.vm.vendor" value="Oracle Corporation"/>
    <property name="sun.arch.data.model" value="64"/>
    <property name="java.vendor.url" value="http://java.oracle.com/"/>
    <property name="user.timezone" value=""/>
    <property name="java.vm.specification.version" value="1.8"/>
    <property name="os.name" value="Linux"/>
    <property name="user.country" value="US"/>
    <property name="sun.java.launcher" value="SUN_STANDARD"/>
    <property name="sun.boot.library.path" value="/usr/lib/jvm/java-8-openjdk-amd64/jre/lib/amd64"/>
    <property name="sun.java.command" value="/home/hosni/Documents/workspace-Spring/SpringDocker/complete/target/surefire/surefirebooter4311042484591882920.jar /home/hosni/Documents/workspace-Spring/SpringDocker/complete/target/surefire 2021-05-02T03-22-35_428-jvmRun1 surefire277416776376667862tmp surefire_07359569818222290184tmp"/>
    <property name="surefire.test.class.path" value="/home/hosni/Documents/workspace-Spring/SpringDocker/complete/target/test-classes:/home/hosni/Documents/workspace-Spring/SpringDocker/complete/target/classes:/home/hosni/.m2/repository/org/springframework/boot/spring-boot-starter-web/2.4.4/spring-boot-starter-web-2.4.4.jar:/home/hosni/.m2/repository/org/springframework/boot/spring-boot-starter/2.4.4/spring-boot-starter-2.4.4.jar:/home/hosni/.m2/repository/org/springframework/boot/spring-boot/2.4.4/spring-boot-2.4.4.jar:/home/hosni/.m2/repository/org/springframework/boot/spring-boot-autoconfigure/2.4.4/spring-boot-autoconfigure-2.4.4.jar:/home/hosni/.m2/repository/org/springframework/boot/spring-boot-starter-logging/2.4.4/spring-boot-starter-logging-2.4.4.jar:/home/hosni/.m2/repository/ch/qos/logback/logback-classic/1.2.3/logback-classic-1.2.3.jar:/home/hosni/.m2/repository/ch/qos/logback/logback-core/1.2.3/logback-core-1.2.3.jar:/home/hosni/.m2/repository/org/apache/logging/log4j/log4j-to-slf4j/2.13.3/log4j-to-slf4j-2.13.3.jar:/home/hosni/.m2/repository/org/apache/logging/log4j/log4j-api/2.13.3/log4j-api-2.13.3.jar:/home/hosni/.m2/repository/org/slf4j/jul-to-slf4j/1.7.30/jul-to-slf4j-1.7.30.jar:/home/hosni/.m2/repository/jakarta/annotation/jakarta.annotation-api/1.3.5/jakarta.annotation-api-1.3.5.jar:/home/hosni/.m2/repository/org/yaml/snakeyaml/1.27/snakeyaml-1.27.jar:/home/hosni/.m2/repository/org/springframework/boot/spring-boot-starter-json/2.4.4/spring-boot-starter-json-2.4.4.jar:/home/hosni/.m2/repository/com/fasterxml/jackson/core/jackson-databind/2.11.4/jackson-databind-2.11.4.jar:/home/hosni/.m2/repository/com/fasterxml/jackson/core/jackson-annotations/2.11.4/jackson-annotations-2.11.4.jar:/home/hosni/.m2/repository/com/fasterxml/jackson/core/jackson-core/2.11.4/jackson-core-2.11.4.jar:/home/hosni/.m2/repository/com/fasterxml/jackson/datatype/jackson-datatype-jdk8/2.11.4/jackson-datatype-jdk8-2.11.4.jar:/home/hosni/.m2/repository/com/fasterxml/jackson/datatype/jackson-datatype-jsr310/2.11.4/jackson-datatype-jsr310-2.11.4.jar:/home/hosni/.m2/repository/com/fasterxml/jackson/module/jackson-module-parameter-names/2.11.4/jackson-module-parameter-names-2.11.4.jar:/home/hosni/.m2/repository/org/springframework/boot/spring-boot-starter-tomcat/2.4.4/spring-boot-starter-tomcat-2.4.4.jar:/home/hosni/.m2/repository/org/apache/tomcat/embed/tomcat-embed-core/9.0.44/tomcat-embed-core-9.0.44.jar:/home/hosni/.m2/repository/org/glassfish/jakarta.el/3.0.3/jakarta.el-3.0.3.jar:/home/hosni/.m2/repository/org/apache/tomcat/embed/tomcat-embed-websocket/9.0.44/tomcat-embed-websocket-9.0.44.jar:/home/hosni/.m2/repository/org/springframework/spring-web/5.3.5/spring-web-5.3.5.jar:/home/hosni/.m2/repository/org/springframework/spring-beans/5.3.5/spring-beans-5.3.5.jar:/home/hosni/.m2/repository/org/springframework/spring-webmvc/5.3.5/spring-webmvc-5.3.5.jar:/home/hosni/.m2/repository/org/springframework/spring-aop/5.3.5/spring-aop-5.3.5.jar:/home/hosni/.m2/repository/org/springframework/spring-context/5.3.5/spring-context-5.3.5.jar:/home/hosni/.m2/repository/org/springframework/spring-expression/5.3.5/spring-expression-5.3.5.jar:/home/hosni/.m2/repository/org/springframework/boot/spring-boot-starter-test/2.4.4/spring-boot-starter-test-2.4.4.jar:/home/hosni/.m2/repository/org/springframework/boot/spring-boot-test/2.4.4/spring-boot-test-2.4.4.jar:/home/hosni/.m2/repository/org/springframework/boot/spring-boot-test-autoconfigure/2.4.4/spring-boot-test-autoconfigure-2.4.4.jar:/home/hosni/.m2/repository/com/jayway/jsonpath/json-path/2.4.0/json-path-2.4.0.jar:/home/hosni/.m2/repository/net/minidev/json-smart/2.3/json-smart-2.3.jar:/home/hosni/.m2/repository/net/minidev/accessors-smart/1.2/accessors-smart-1.2.jar:/home/hosni/.m2/repository/org/ow2/asm/asm/5.0.4/asm-5.0.4.jar:/home/hosni/.m2/repository/org/slf4j/slf4j-api/1.7.30/slf4j-api-1.7.30.jar:/home/hosni/.m2/repository/jakarta/xml/bind/jakarta.xml.bind-api/2.3.3/jakarta.xml.bind-api-2.3.3.jar:/home/hosni/.m2/repository/jakarta/activation/jakarta.activation-api/1.2.2/jakarta.activation-api-1.2.2.jar:/home/hosni/.m2/repository/org/assertj/assertj-core/3.18.1/assertj-core-3.18.1.jar:/home/hosni/.m2/repository/org/hamcrest/hamcrest/2.2/hamcrest-2.2.jar:/home/hosni/.m2/repository/org/junit/jupiter/junit-jupiter/5.7.1/junit-jupiter-5.7.1.jar:/home/hosni/.m2/repository/org/junit/jupiter/junit-jupiter-api/5.7.1/junit-jupiter-api-5.7.1.jar:/home/hosni/.m2/repository/org/apiguardian/apiguardian-api/1.1.0/apiguardian-api-1.1.0.jar:/home/hosni/.m2/repository/org/opentest4j/opentest4j/1.2.0/opentest4j-1.2.0.jar:/home/hosni/.m2/repository/org/junit/platform/junit-platform-commons/1.7.1/junit-platform-commons-1.7.1.jar:/home/hosni/.m2/repository/org/junit/jupiter/junit-jupiter-params/5.7.1/junit-jupiter-params-5.7.1.jar:/home/hosni/.m2/repository/org/junit/jupiter/junit-jupiter-engine/5.7.1/junit-jupiter-engine-5.7.1.jar:/home/hosni/.m2/repository/org/junit/platform/junit-platform-engine/1.7.1/junit-platform-engine-1.7.1.jar:/home/hosni/.m2/repository/org/mockito/mockito-core/3.6.28/mockito-core-3.6.28.jar:/home/hosni/.m2/repository/net/bytebuddy/byte-buddy/1.10.22/byte-buddy-1.10.22.jar:/home/hosni/.m2/repository/net/bytebuddy/byte-buddy-agent/1.10.22/byte-buddy-agent-1.10.22.jar:/home/hosni/.m2/repository/org/objenesis/objenesis/3.1/objenesis-3.1.jar:/home/hosni/.m2/repository/org/mockito/mockito-junit-jupiter/3.6.28/mockito-junit-jupiter-3.6.28.jar:/home/hosni/.m2/repository/org/skyscreamer/jsonassert/1.5.0/jsonassert-1.5.0.jar:/home/hosni/.m2/repository/com/vaadin/external/google/android-json/0.0.20131108.vaadin1/android-json-0.0.20131108.vaadin1.jar:/home/hosni/.m2/repository/org/springframework/spring-core/5.3.5/spring-core-5.3.5.jar:/home/hosni/.m2/repository/org/springframework/spring-jcl/5.3.5/spring-jcl-5.3.5.jar:/home/hosni/.m2/repository/org/springframework/spring-test/5.3.5/spring-test-5.3.5.jar:/home/hosni/.m2/repository/org/xmlunit/xmlunit-core/2.7.0/xmlunit-core-2.7.0.jar:"/>
    <property name="sun.cpu.endian" value="little"/>
    <property name="user.home" value="/home/hosni"/>
    <property name="user.language" value="en"/>
    <property name="java.specification.vendor" value="Oracle Corporation"/>
    <property name="java.home" value="/usr/lib/jvm/java-8-openjdk-amd64/jre"/>
    <property name="basedir" value="/home/hosni/Documents/workspace-Spring/SpringDocker/complete"/>
    <property name="file.separator" value="/"/>
    <property name="line.separator" value="&#10;"/>
    <property name="java.vm.specification.vendor" value="Oracle Corporation"/>
    <property name="java.specification.name" value="Java Platform API Specification"/>
    <property name="java.awt.graphicsenv" value="sun.awt.X11GraphicsEnvironment"/>
    <property name="surefire.real.class.path" value="/home/hosni/Documents/workspace-Spring/SpringDocker/complete/target/surefire/surefirebooter4311042484591882920.jar"/>
    <property name="sun.boot.class.path" value="/usr/lib/jvm/java-8-openjdk-amd64/jre/lib/resources.jar:/usr/lib/jvm/java-8-openjdk-amd64/jre/lib/rt.jar:/usr/lib/jvm/java-8-openjdk-amd64/jre/lib/sunrsasign.jar:/usr/lib/jvm/java-8-openjdk-amd64/jre/lib/jsse.jar:/usr/lib/jvm/java-8-openjdk-amd64/jre/lib/jce.jar:/usr/lib/jvm/java-8-openjdk-amd64/jre/lib/charsets.jar:/usr/lib/jvm/java-8-openjdk-amd64/jre/lib/jfr.jar:/usr/lib/jvm/java-8-openjdk-amd64/jre/classes"/>
    <property name="sun.management.compiler" value="HotSpot 64-Bit Tiered Compilers"/>
    <property name="java.runtime.version" value="1.8.0_171-8u171-b11-0ubuntu0.17.10.1-b11"/>
    <property name="user.name" value="hosni"/>
    <property name="path.separator" value=":"/>
    <property name="os.version" value="4.13.0-46-generic"/>
    <property name="java.endorsed.dirs" value="/usr/lib/jvm/java-8-openjdk-amd64/jre/lib/endorsed"/>
    <property name="java.runtime.name" value="OpenJDK Runtime Environment"/>
    <property name="file.encoding" value="UTF-8"/>
    <property name="java.vm.name" value="OpenJDK 64-Bit Server VM"/>
    <property name="localRepository" value="/home/hosni/.m2/repository"/>
    <property name="java.vendor.url.bug" value="http://bugreport.sun.com/bugreport/"/>
    <property name="java.io.tmpdir" value="/tmp"/>
    <property name="idea.version" value="2018.1.5"/>
    <property name="java.version" value="1.8.0_171"/>
    <property name="user.dir" value="/home/hosni/Documents/workspace-Spring/SpringDocker/complete"/>
    <property name="os.arch" value="amd64"/>
    <property name="java.vm.specification.name" value="Java Virtual Machine Specification"/>
    <property name="java.awt.printerjob" value="sun.print.PSPrinterJob"/>
    <property name="sun.os.patch.level" value="unknown"/>
    <property name="java.library.path" value="/usr/java/packages/lib/amd64:/usr/lib/x86_64-linux-gnu/jni:/lib/x86_64-linux-gnu:/usr/lib/x86_64-linux-gnu:/usr/lib/jni:/lib:/usr/lib"/>
    <property name="java.vm.info" value="mixed mode"/>
    <property name="java.vendor" value="Oracle Corporation"/>
    <property name="java.vm.version" value="25.171-b11"/>
    <property name="java.ext.dirs" value="/usr/lib/jvm/java-8-openjdk-amd64/jre/lib/ext:/usr/java/packages/lib/ext"/>
    <property name="sun.io.unicode.encoding" value="UnicodeLittle"/>
    <property name="java.class.version" value="52.0"/>
  </properties>
  <testcase name="testGreeting" classname="hello.HelloWorldConfigurationTests" time="0.402"/>
</testsuite>